This file contains any messages produced by compilers while
running configure, to aid debugging if configure makes a mistake.

It was created by dnsmeter configure 1.0.1, which was
generated by GNU Autoconf 2.69.  Invocation command line was

  $ ./configure 

## --------- ##
## Platform. ##
## --------- ##

hostname = nuc
uname -m = x86_64
uname -r = 4.19.0-14-amd64
uname -s = Linux
uname -v = #1 SMP Debian 4.19.171-2 (2021-01-30)

/usr/bin/uname -p = unknown
/bin/uname -X     = unknown

/bin/arch              = x86_64
/usr/bin/arch -k       = unknown
/usr/convex/getsysinfo = unknown
/usr/bin/hostinfo      = unknown
/bin/machine           = unknown
/usr/bin/oslevel       = unknown
/bin/universe          = unknown

PATH: /home/jan/.pyenv/shims
PATH: /home/jan/.goenv/shims
PATH: /home/jan/.goenv/bin
PATH: /home/jan/.rbenv/shims
PATH: /home/jan/.rbenv/bin
PATH: /home/jan/.pyenv/bin
PATH: /home/jan/.local/bin
PATH: /usr/local/bin
PATH: /usr/bin
PATH: /bin
PATH: /usr/local/games
PATH: /usr/games


## ----------- ##
## Core tests. ##
## ----------- ##

configure:2323: checking for a BSD-compatible install
configure:2391: result: /usr/bin/install -c
configure:2402: checking whether build environment is sane
configure:2457: result: yes
configure:2606: checking for a thread-safe mkdir -p
configure:2645: result: /usr/bin/mkdir -p
configure:2652: checking for gawk
configure:2668: found /usr/bin/gawk
configure:2679: result: gawk
configure:2690: checking whether make sets $(MAKE)
configure:2712: result: yes
configure:2741: checking whether make supports nested variables
configure:2758: result: yes
configure:2948: checking for g++
configure:2964: found /usr/bin/g++
configure:2975: result: g++
configure:3002: checking for C++ compiler version
configure:3011: g++ --version >&5
g++ (Debian 8.3.0-6) 8.3.0
Copyright (C) 2018 Free Software Foundation, Inc.
This is free software; see the source for copying conditions.  There is NO
warranty; not even for MERCHANTABILITY or FITNESS FOR A PARTICULAR PURPOSE.

configure:3022: $? = 0
configure:3011: g++ -v >&5
Using built-in specs.
COLLECT_GCC=g++
COLLECT_LTO_WRAPPER=/usr/lib/gcc/x86_64-linux-gnu/8/lto-wrapper
OFFLOAD_TARGET_NAMES=nvptx-none
OFFLOAD_TARGET_DEFAULT=1
Target: x86_64-linux-gnu
Configured with: ../src/configure -v --with-pkgversion='Debian 8.3.0-6' --with-bugurl=file:///usr/share/doc/gcc-8/README.Bugs --enable-languages=c,ada,c++,go,brig,d,fortran,objc,obj-c++ --prefix=/usr --with-gcc-major-version-only --program-suffix=-8 --program-prefix=x86_64-linux-gnu- --enable-shared --enable-linker-build-id --libexecdir=/usr/lib --without-included-gettext --enable-threads=posix --libdir=/usr/lib --enable-nls --enable-bootstrap --enable-clocale=gnu --enable-libstdcxx-debug --enable-libstdcxx-time=yes --with-default-libstdcxx-abi=new --enable-gnu-unique-object --disable-vtable-verify --enable-libmpx --enable-plugin --enable-default-pie --with-system-zlib --with-target-system-zlib --enable-objc-gc=auto --enable-multiarch --disable-werror --with-arch-32=i686 --with-abi=m64 --with-multilib-list=m32,m64,mx32 --enable-multilib --with-tune=generic --enable-offload-targets=nvptx-none --without-cuda-driver --enable-checking=release --build=x86_64-linux-gnu --host=x86_64-linux-gnu --target=x86_64-linux-gnu
Thread model: posix
gcc version 8.3.0 (Debian 8.3.0-6) 
configure:3022: $? = 0
configure:3011: g++ -V >&5
g++: error: unrecognized command line option '-V'
g++: fatal error: no input files
compilation terminated.
configure:3022: $? = 1
configure:3011: g++ -qversion >&5
g++: error: unrecognized command line option '-qversion'; did you mean '--version'?
g++: fatal error: no input files
compilation terminated.
configure:3022: $? = 1
configure:3042: checking whether the C++ compiler works
configure:3064: g++    conftest.cpp  >&5
configure:3068: $? = 0
configure:3116: result: yes
configure:3119: checking for C++ compiler default output file name
configure:3121: result: a.out
configure:3127: checking for suffix of executables
configure:3134: g++ -o conftest    conftest.cpp  >&5
configure:3138: $? = 0
configure:3160: result: 
configure:3182: checking whether we are cross compiling
configure:3190: g++ -o conftest    conftest.cpp  >&5
configure:3194: $? = 0
configure:3201: ./conftest
configure:3205: $? = 0
configure:3193: result: no
configure:3198: checking for suffix of object files
configure:3220: g++ -c   conftest.cpp >&5
configure:3224: $? = 0
configure:3245: result: o
configure:3249: checking whether we are using the GNU C++ compiler
configure:3268: g++ -c   conftest.cpp >&5
configure:3268: $? = 0
configure:3277: result: yes
configure:3286: checking whether g++ accepts -g
configure:3306: g++ -c -g  conftest.cpp >&5
configure:3306: $? = 0
configure:3347: result: yes
configure:3381: checking for style of include used by make
configure:3409: result: GNU
configure:3435: checking dependency style of g++
configure:3546: result: gcc3
configure:3565: checking build system type
configure:3579: result: x86_64-pc-linux-gnu
configure:3599: checking host system type
configure:3612: result: x86_64-pc-linux-gnu
configure:3678: checking how to print strings
configure:3705: result: printf
configure:3774: checking for gcc
configure:3790: found /usr/bin/gcc
configure:3801: result: gcc
configure:4030: checking for C compiler version
configure:4039: gcc --version >&5
gcc (Debian 8.3.0-6) 8.3.0
Copyright (C) 2018 Free Software Foundation, Inc.
This is free software; see the source for copying conditions.  There is NO
warranty; not even for MERCHANTABILITY or FITNESS FOR A PARTICULAR PURPOSE.

configure:4050: $? = 0
configure:4039: gcc -v >&5
Using built-in specs.
COLLECT_GCC=gcc
COLLECT_LTO_WRAPPER=/usr/lib/gcc/x86_64-linux-gnu/8/lto-wrapper
OFFLOAD_TARGET_NAMES=nvptx-none
OFFLOAD_TARGET_DEFAULT=1
Target: x86_64-linux-gnu
Configured with: ../src/configure -v --with-pkgversion='Debian 8.3.0-6' --with-bugurl=file:///usr/share/doc/gcc-8/README.Bugs --enable-languages=c,ada,c++,go,brig,d,fortran,objc,obj-c++ --prefix=/usr --with-gcc-major-version-only --program-suffix=-8 --program-prefix=x86_64-linux-gnu- --enable-shared --enable-linker-build-id --libexecdir=/usr/lib --without-included-gettext --enable-threads=posix --libdir=/usr/lib --enable-nls --enable-bootstrap --enable-clocale=gnu --enable-libstdcxx-debug --enable-libstdcxx-time=yes --with-default-libstdcxx-abi=new --enable-gnu-unique-object --disable-vtable-verify --enable-libmpx --enable-plugin --enable-default-pie --with-system-zlib --with-target-system-zlib --enable-objc-gc=auto --enable-multiarch --disable-werror --with-arch-32=i686 --with-abi=m64 --with-multilib-list=m32,m64,mx32 --enable-multilib --with-tune=generic --enable-offload-targets=nvptx-none --without-cuda-driver --enable-checking=release --build=x86_64-linux-gnu --host=x86_64-linux-gnu --target=x86_64-linux-gnu
Thread model: posix
gcc version 8.3.0 (Debian 8.3.0-6) 
configure:4050: $? = 0
configure:4039: gcc -V >&5
gcc: error: unrecognized command line option '-V'
gcc: fatal error: no input files
compilation terminated.
configure:4050: $? = 1
configure:4039: gcc -qversion >&5
gcc: error: unrecognized command line option '-qversion'; did you mean '--version'?
gcc: fatal error: no input files
compilation terminated.
configure:4050: $? = 1
configure:4054: checking whether we are using the GNU C compiler
configure:4073: gcc -c   conftest.c >&5
configure:4073: $? = 0
configure:4082: result: yes
configure:4091: checking whether gcc accepts -g
configure:4111: gcc -c -g  conftest.c >&5
configure:4111: $? = 0
configure:4152: result: yes
configure:4169: checking for gcc option to accept ISO C89
configure:4232: gcc  -c -g -O2  conftest.c >&5
configure:4232: $? = 0
configure:4245: result: none needed
configure:4270: checking whether gcc understands -c and -o together
configure:4292: gcc -c conftest.c -o conftest2.o
configure:4295: $? = 0
configure:4292: gcc -c conftest.c -o conftest2.o
configure:4295: $? = 0
configure:4307: result: yes
configure:4326: checking dependency style of gcc
configure:4437: result: gcc3
configure:4452: checking for a sed that does not truncate output
configure:4516: result: /usr/bin/sed
configure:4534: checking for grep that handles long lines and -e
configure:4592: result: /usr/bin/grep
configure:4597: checking for egrep
configure:4659: result: /usr/bin/grep -E
configure:4664: checking for fgrep
configure:4726: result: /usr/bin/grep -F
configure:4761: checking for ld used by gcc
configure:4828: result: /usr/bin/ld
configure:4835: checking if the linker (/usr/bin/ld) is GNU ld
configure:4850: result: yes
configure:4862: checking for BSD- or MS-compatible name lister (nm)
configure:4916: result: /usr/bin/nm -B
configure:5046: checking the name lister (/usr/bin/nm -B) interface
configure:5053: gcc -c -g -O2  conftest.c >&5
configure:5056: /usr/bin/nm -B "conftest.o"
configure:5059: output
0000000000000000 B some_variable
configure:5060: result: BSD nm
configure:5063: checking whether ln -s works
configure:5067: result: yes
configure:5075: checking the maximum length of command line arguments
configure:5206: result: 1572864
configure:5254: checking how to convert x86_64-pc-linux-gnu file names to x86_64-pc-linux-gnu format
configure:5294: result: func_convert_file_noop
configure:5301: checking how to convert x86_64-pc-linux-gnu file names to toolchain format
configure:5321: result: func_convert_file_noop
configure:5328: checking for /usr/bin/ld option to reload object files
configure:5335: result: -r
configure:5409: checking for objdump
configure:5425: found /usr/bin/objdump
configure:5436: result: objdump
configure:5468: checking how to recognize dependent libraries
configure:5668: result: pass_all
configure:5753: checking for dlltool
configure:5783: result: no
configure:5813: checking how to associate runtime and link libraries
configure:5840: result: printf %s\n
configure:5901: checking for ar
configure:5917: found /usr/bin/ar
configure:5928: result: ar
configure:5965: checking for archiver @FILE support
configure:5982: gcc -c -g -O2  conftest.c >&5
configure:5982: $? = 0
configure:5985: ar cru libconftest.a @conftest.lst >&5
ar: `u' modifier ignored since `D' is the default (see `U')
configure:5988: $? = 0
configure:5993: ar cru libconftest.a @conftest.lst >&5
ar: `u' modifier ignored since `D' is the default (see `U')
ar: conftest.o: No such file or directory
configure:5996: $? = 1
configure:5995: result: @
configure:6053: checking for strip
configure:6069: found /usr/bin/strip
configure:6080: result: strip
configure:6152: checking for ranlib
configure:6168: found /usr/bin/ranlib
configure:6179: result: ranlib
configure:6281: checking command to parse /usr/bin/nm -B output from gcc object
configure:6434: gcc -c -g -O2  conftest.c >&5
configure:6437: $? = 0
configure:6441: /usr/bin/nm -B conftest.o \| sed -n -e 's/^.*[ ]\([ABCDGIRSTW][ABCDGIRSTW]*\)[ ][ ]*\([_A-Za-z][_A-Za-z0-9]*\)$/\1 \2 \2/p' | sed '/ __gnu_lto/d' \> conftest.nm
configure:6444: $? = 0
configure:6510: gcc -o conftest -g -O2   conftest.c conftstm.o >&5
configure:6513: $? = 0
configure:6551: result: ok
configure:6598: checking for sysroot
configure:6628: result: no
configure:6635: checking for a working dd
configure:6673: result: /usr/bin/dd
configure:6677: checking how to truncate binary pipes
configure:6692: result: /usr/bin/dd bs=4096 count=1
configure:6828: gcc -c -g -O2  conftest.c >&5
configure:6831: $? = 0
configure:7021: checking for mt
configure:7037: found /usr/bin/mt
configure:7048: result: mt
configure:7071: checking if mt is a manifest tool
configure:7077: mt '-?'
configure:7085: result: no
configure:7762: checking how to run the C preprocessor
configure:7793: gcc -E  conftest.c
configure:7793: $? = 0
configure:7807: gcc -E  conftest.c
conftest.c:11:10: fatal error: ac_nonexistent.h: No such file or directory
 #include <ac_nonexistent.h>
          ^~~~~~~~~~~~~~~~~~
compilation terminated.
configure:7807: $? = 1
configure: failed program was:
| /* confdefs.h */
| #define PACKAGE_NAME "dnsmeter"
| #define PACKAGE_TARNAME "dnsmeter"
| #define PACKAGE_VERSION "1.0.1"
| #define PACKAGE_STRING "dnsmeter 1.0.1"
| #define PACKAGE_BUGREPORT "admin@dns-oarc.net"
| #define PACKAGE_URL "https://github.com/DNS-OARC/dnsmeter/issues"
| #define PACKAGE "dnsmeter"
| #define VERSION "1.0.1"
| /* end confdefs.h.  */
| #include <ac_nonexistent.h>
configure:7832: result: gcc -E
configure:7852: gcc -E  conftest.c
configure:7852: $? = 0
configure:7866: gcc -E  conftest.c
conftest.c:11:10: fatal error: ac_nonexistent.h: No such file or directory
 #include <ac_nonexistent.h>
          ^~~~~~~~~~~~~~~~~~
compilation terminated.
configure:7866: $? = 1
configure: failed program was:
| /* confdefs.h */
| #define PACKAGE_NAME "dnsmeter"
| #define PACKAGE_TARNAME "dnsmeter"
| #define PACKAGE_VERSION "1.0.1"
| #define PACKAGE_STRING "dnsmeter 1.0.1"
| #define PACKAGE_BUGREPORT "admin@dns-oarc.net"
| #define PACKAGE_URL "https://github.com/DNS-OARC/dnsmeter/issues"
| #define PACKAGE "dnsmeter"
| #define VERSION "1.0.1"
| /* end confdefs.h.  */
| #include <ac_nonexistent.h>
configure:7895: checking for ANSI C header files
configure:7915: gcc -c -g -O2  conftest.c >&5
configure:7915: $? = 0
configure:7988: gcc -o conftest -g -O2   conftest.c  >&5
configure:7988: $? = 0
configure:7988: ./conftest
configure:7988: $? = 0
configure:7999: result: yes
configure:8012: checking for sys/types.h
configure:8012: gcc -c -g -O2  conftest.c >&5
configure:8012: $? = 0
configure:8012: result: yes
configure:8012: checking for sys/stat.h
configure:8012: gcc -c -g -O2  conftest.c >&5
configure:8012: $? = 0
configure:8012: result: yes
configure:8012: checking for stdlib.h
configure:8012: gcc -c -g -O2  conftest.c >&5
configure:8012: $? = 0
configure:8012: result: yes
configure:8012: checking for string.h
configure:8012: gcc -c -g -O2  conftest.c >&5
configure:8012: $? = 0
configure:8012: result: yes
configure:8012: checking for memory.h
configure:8012: gcc -c -g -O2  conftest.c >&5
configure:8012: $? = 0
configure:8012: result: yes
configure:8012: checking for strings.h
configure:8012: gcc -c -g -O2  conftest.c >&5
configure:8012: $? = 0
configure:8012: result: yes
configure:8012: checking for inttypes.h
configure:8012: gcc -c -g -O2  conftest.c >&5
configure:8012: $? = 0
configure:8012: result: yes
configure:8012: checking for stdint.h
configure:8012: gcc -c -g -O2  conftest.c >&5
configure:8012: $? = 0
configure:8012: result: yes
configure:8012: checking for unistd.h
configure:8012: gcc -c -g -O2  conftest.c >&5
configure:8012: $? = 0
configure:8012: result: yes
configure:8026: checking for dlfcn.h
configure:8026: gcc -c -g -O2  conftest.c >&5
configure:8026: $? = 0
configure:8026: result: yes
configure:8292: checking for objdir
configure:8307: result: .libs
configure:8571: checking if gcc supports -fno-rtti -fno-exceptions
configure:8589: gcc -c -g -O2  -fno-rtti -fno-exceptions conftest.c >&5
cc1: warning: command line option '-fno-rtti' is valid for C++/ObjC++ but not for C
configure:8593: $? = 0
configure:8606: result: no
configure:8964: checking for gcc option to produce PIC
configure:8971: result: -fPIC -DPIC
configure:8979: checking if gcc PIC flag -fPIC -DPIC works
configure:8997: gcc -c -g -O2  -fPIC -DPIC -DPIC conftest.c >&5
configure:9001: $? = 0
configure:9014: result: yes
configure:9043: checking if gcc static flag -static works
configure:9071: result: yes
configure:9086: checking if gcc supports -c -o file.o
configure:9107: gcc -c -g -O2  -o out/conftest2.o conftest.c >&5
configure:9111: $? = 0
configure:9133: result: yes
configure:9141: checking if gcc supports -c -o file.o
configure:9188: result: yes
configure:9221: checking whether the gcc linker (/usr/bin/ld -m elf_x86_64) supports shared libraries
configure:10484: result: yes
configure:10521: checking whether -lc should be explicitly linked in
configure:10529: gcc -c -g -O2  conftest.c >&5
configure:10532: $? = 0
configure:10547: gcc -shared  -fPIC -DPIC conftest.o  -v -Wl,-soname -Wl,conftest -o conftest 2\>\&1 \| /usr/bin/grep  -lc  \>/dev/null 2\>\&1
configure:10550: $? = 0
configure:10564: result: no
configure:10724: checking dynamic linker characteristics
configure:11305: gcc -o conftest -g -O2   -Wl,-rpath -Wl,/foo conftest.c  >&5
configure:11305: $? = 0
configure:11554: result: GNU/Linux ld.so
configure:11676: checking how to hardcode library paths into programs
configure:11701: result: immediate
configure:12249: checking whether stripping libraries is possible
configure:12254: result: yes
configure:12289: checking if libtool supports shared libraries
configure:12291: result: yes
configure:12294: checking whether to build shared libraries
configure:12319: result: yes
configure:12322: checking whether to build static libraries
configure:12326: result: no
configure:9125: checking how to run the C++ preprocessor
configure:9152: g++ -E  conftest.cpp
configure:9152: $? = 0
configure:9166: g++ -E  conftest.cpp
conftest.cpp:23:10: fatal error: ac_nonexistent.h: No such file or directory
 #include <ac_nonexistent.h>
          ^~~~~~~~~~~~~~~~~~
compilation terminated.
configure:9166: $? = 1
configure: failed program was:
| /* confdefs.h */
| #define PACKAGE_NAME "dnsmeter"
| #define PACKAGE_TARNAME "dnsmeter"
| #define PACKAGE_VERSION "1.0.1"
| #define PACKAGE_STRING "dnsmeter 1.0.1"
| #define PACKAGE_BUGREPORT "admin@dns-oarc.net"
| #define PACKAGE_URL "https://github.com/DNS-OARC/dnsmeter/issues"
| #define PACKAGE "dnsmeter"
| #define VERSION "1.0.1"
| #define STDC_HEADERS 1
| #define HAVE_SYS_TYPES_H 1
| #define HAVE_SYS_STAT_H 1
| #define HAVE_STDLIB_H 1
| #define HAVE_STRING_H 1
| #define HAVE_MEMORY_H 1
| #define HAVE_STRINGS_H 1
| #define HAVE_INTTYPES_H 1
| #define HAVE_STDINT_H 1
| #define HAVE_UNISTD_H 1
| #define HAVE_DLFCN_H 1
| #define LT_OBJDIR ".libs/"
| /* end confdefs.h.  */
| #include <ac_nonexistent.h>
configure:9191: result: g++ -E
configure:9211: g++ -E  conftest.cpp
configure:9211: $? = 0
configure:9225: g++ -E  conftest.cpp
conftest.cpp:23:10: fatal error: ac_nonexistent.h: No such file or directory
 #include <ac_nonexistent.h>
          ^~~~~~~~~~~~~~~~~~
compilation terminated.
configure:9225: $? = 1
configure: failed program was:
| /* confdefs.h */
| #define PACKAGE_NAME "dnsmeter"
| #define PACKAGE_TARNAME "dnsmeter"
| #define PACKAGE_VERSION "1.0.1"
| #define PACKAGE_STRING "dnsmeter 1.0.1"
| #define PACKAGE_BUGREPORT "admin@dns-oarc.net"
| #define PACKAGE_URL "https://github.com/DNS-OARC/dnsmeter/issues"
| #define PACKAGE "dnsmeter"
| #define VERSION "1.0.1"
| #define STDC_HEADERS 1
| #define HAVE_SYS_TYPES_H 1
| #define HAVE_SYS_STAT_H 1
| #define HAVE_STDLIB_H 1
| #define HAVE_STRING_H 1
| #define HAVE_MEMORY_H 1
| #define HAVE_STRINGS_H 1
| #define HAVE_INTTYPES_H 1
| #define HAVE_STDINT_H 1
| #define HAVE_UNISTD_H 1
| #define HAVE_DLFCN_H 1
| #define LT_OBJDIR ".libs/"
| /* end confdefs.h.  */
| #include <ac_nonexistent.h>
configure:9387: checking for ld used by g++
configure:9454: result: /usr/bin/ld -m elf_x86_64
configure:9461: checking if the linker (/usr/bin/ld -m elf_x86_64) is GNU ld
configure:9476: result: yes
configure:9531: checking whether the g++ linker (/usr/bin/ld -m elf_x86_64) supports shared libraries
configure:10604: result: yes
configure:10640: g++ -c -g -O2  conftest.cpp >&5
configure:10643: $? = 0
configure:11124: checking for g++ option to produce PIC
configure:11131: result: -fPIC -DPIC
configure:11139: checking if g++ PIC flag -fPIC -DPIC works
configure:11157: g++ -c -g -O2  -fPIC -DPIC -DPIC conftest.cpp >&5
configure:11161: $? = 0
configure:11174: result: yes
configure:11197: checking if g++ static flag -static works
configure:11225: result: yes
configure:11237: checking if g++ supports -c -o file.o
configure:11258: g++ -c -g -O2  -o out/conftest2.o conftest.cpp >&5
configure:11262: $? = 0
configure:11284: result: yes
configure:11289: checking if g++ supports -c -o file.o
configure:11336: result: yes
configure:11366: checking whether the g++ linker (/usr/bin/ld -m elf_x86_64) supports shared libraries
configure:11409: result: yes
configure:11550: checking dynamic linker characteristics
configure:12307: result: GNU/Linux ld.so
configure:12372: checking how to hardcode library paths into programs
configure:12397: result: immediate
configure:11291: checking for C compiler vendor
configure:11348: gcc -c -g -O2  conftest.c >&5
conftest.c: In function 'main':
conftest.c:29:7: error: 'thisisanerror' undeclared (first use in this function)
       thisisanerror;
       ^~~~~~~~~~~~~
conftest.c:29:7: note: each undeclared identifier is reported only once for each function it appears in
configure:11348: $? = 1
configure: failed program was:
| /* confdefs.h */
| #define PACKAGE_NAME "dnsmeter"
| #define PACKAGE_TARNAME "dnsmeter"
| #define PACKAGE_VERSION "1.0.1"
| #define PACKAGE_STRING "dnsmeter 1.0.1"
| #define PACKAGE_BUGREPORT "admin@dns-oarc.net"
| #define PACKAGE_URL "https://github.com/DNS-OARC/dnsmeter/issues"
| #define PACKAGE "dnsmeter"
| #define VERSION "1.0.1"
| #define STDC_HEADERS 1
| #define HAVE_SYS_TYPES_H 1
| #define HAVE_SYS_STAT_H 1
| #define HAVE_STDLIB_H 1
| #define HAVE_STRING_H 1
| #define HAVE_MEMORY_H 1
| #define HAVE_STRINGS_H 1
| #define HAVE_INTTYPES_H 1
| #define HAVE_STDINT_H 1
| #define HAVE_UNISTD_H 1
| #define HAVE_DLFCN_H 1
| #define LT_OBJDIR ".libs/"
| /* end confdefs.h.  */
| 
| int
| main ()
| {
| 
| #if !(defined(__ICC) || defined(__ECC) || defined(__INTEL_COMPILER))
|       thisisanerror;
| #endif
| 
|   ;
|   return 0;
| }
configure:11348: gcc -c -g -O2  conftest.c >&5
conftest.c: In function 'main':
conftest.c:29:7: error: 'thisisanerror' undeclared (first use in this function)
       thisisanerror;
       ^~~~~~~~~~~~~
conftest.c:29:7: note: each undeclared identifier is reported only once for each function it appears in
configure:11348: $? = 1
configure: failed program was:
| /* confdefs.h */
| #define PACKAGE_NAME "dnsmeter"
| #define PACKAGE_TARNAME "dnsmeter"
| #define PACKAGE_VERSION "1.0.1"
| #define PACKAGE_STRING "dnsmeter 1.0.1"
| #define PACKAGE_BUGREPORT "admin@dns-oarc.net"
| #define PACKAGE_URL "https://github.com/DNS-OARC/dnsmeter/issues"
| #define PACKAGE "dnsmeter"
| #define VERSION "1.0.1"
| #define STDC_HEADERS 1
| #define HAVE_SYS_TYPES_H 1
| #define HAVE_SYS_STAT_H 1
| #define HAVE_STDLIB_H 1
| #define HAVE_STRING_H 1
| #define HAVE_MEMORY_H 1
| #define HAVE_STRINGS_H 1
| #define HAVE_INTTYPES_H 1
| #define HAVE_STDINT_H 1
| #define HAVE_UNISTD_H 1
| #define HAVE_DLFCN_H 1
| #define LT_OBJDIR ".libs/"
| /* end confdefs.h.  */
| 
| int
| main ()
| {
| 
| #if !(defined(__xlc__) || defined(__xlC__) || defined(__IBMC__) || defined(__IBMCPP__) || defined(__ibmxl__))
|       thisisanerror;
| #endif
| 
|   ;
|   return 0;
| }
configure:11348: gcc -c -g -O2  conftest.c >&5
conftest.c: In function 'main':
conftest.c:29:7: error: 'thisisanerror' undeclared (first use in this function)
       thisisanerror;
       ^~~~~~~~~~~~~
conftest.c:29:7: note: each undeclared identifier is reported only once for each function it appears in
configure:11348: $? = 1
configure: failed program was:
| /* confdefs.h */
| #define PACKAGE_NAME "dnsmeter"
| #define PACKAGE_TARNAME "dnsmeter"
| #define PACKAGE_VERSION "1.0.1"
| #define PACKAGE_STRING "dnsmeter 1.0.1"
| #define PACKAGE_BUGREPORT "admin@dns-oarc.net"
| #define PACKAGE_URL "https://github.com/DNS-OARC/dnsmeter/issues"
| #define PACKAGE "dnsmeter"
| #define VERSION "1.0.1"
| #define STDC_HEADERS 1
| #define HAVE_SYS_TYPES_H 1
| #define HAVE_SYS_STAT_H 1
| #define HAVE_STDLIB_H 1
| #define HAVE_STRING_H 1
| #define HAVE_MEMORY_H 1
| #define HAVE_STRINGS_H 1
| #define HAVE_INTTYPES_H 1
| #define HAVE_STDINT_H 1
| #define HAVE_UNISTD_H 1
| #define HAVE_DLFCN_H 1
| #define LT_OBJDIR ".libs/"
| /* end confdefs.h.  */
| 
| int
| main ()
| {
| 
| #if !(defined(__PATHCC__) || defined(__PATHSCALE__))
|       thisisanerror;
| #endif
| 
|   ;
|   return 0;
| }
configure:11348: gcc -c -g -O2  conftest.c >&5
conftest.c: In function 'main':
conftest.c:29:7: error: 'thisisanerror' undeclared (first use in this function)
       thisisanerror;
       ^~~~~~~~~~~~~
conftest.c:29:7: note: each undeclared identifier is reported only once for each function it appears in
configure:11348: $? = 1
configure: failed program was:
| /* confdefs.h */
| #define PACKAGE_NAME "dnsmeter"
| #define PACKAGE_TARNAME "dnsmeter"
| #define PACKAGE_VERSION "1.0.1"
| #define PACKAGE_STRING "dnsmeter 1.0.1"
| #define PACKAGE_BUGREPORT "admin@dns-oarc.net"
| #define PACKAGE_URL "https://github.com/DNS-OARC/dnsmeter/issues"
| #define PACKAGE "dnsmeter"
| #define VERSION "1.0.1"
| #define STDC_HEADERS 1
| #define HAVE_SYS_TYPES_H 1
| #define HAVE_SYS_STAT_H 1
| #define HAVE_STDLIB_H 1
| #define HAVE_STRING_H 1
| #define HAVE_MEMORY_H 1
| #define HAVE_STRINGS_H 1
| #define HAVE_INTTYPES_H 1
| #define HAVE_STDINT_H 1
| #define HAVE_UNISTD_H 1
| #define HAVE_DLFCN_H 1
| #define LT_OBJDIR ".libs/"
| /* end confdefs.h.  */
| 
| int
| main ()
| {
| 
| #if !(defined(__clang__))
|       thisisanerror;
| #endif
| 
|   ;
|   return 0;
| }
configure:11348: gcc -c -g -O2  conftest.c >&5
conftest.c: In function 'main':
conftest.c:29:7: error: 'thisisanerror' undeclared (first use in this function)
       thisisanerror;
       ^~~~~~~~~~~~~
conftest.c:29:7: note: each undeclared identifier is reported only once for each function it appears in
configure:11348: $? = 1
configure: failed program was:
| /* confdefs.h */
| #define PACKAGE_NAME "dnsmeter"
| #define PACKAGE_TARNAME "dnsmeter"
| #define PACKAGE_VERSION "1.0.1"
| #define PACKAGE_STRING "dnsmeter 1.0.1"
| #define PACKAGE_BUGREPORT "admin@dns-oarc.net"
| #define PACKAGE_URL "https://github.com/DNS-OARC/dnsmeter/issues"
| #define PACKAGE "dnsmeter"
| #define VERSION "1.0.1"
| #define STDC_HEADERS 1
| #define HAVE_SYS_TYPES_H 1
| #define HAVE_SYS_STAT_H 1
| #define HAVE_STDLIB_H 1
| #define HAVE_STRING_H 1
| #define HAVE_MEMORY_H 1
| #define HAVE_STRINGS_H 1
| #define HAVE_INTTYPES_H 1
| #define HAVE_STDINT_H 1
| #define HAVE_UNISTD_H 1
| #define HAVE_DLFCN_H 1
| #define LT_OBJDIR ".libs/"
| /* end confdefs.h.  */
| 
| int
| main ()
| {
| 
| #if !(defined(_CRAYC))
|       thisisanerror;
| #endif
| 
|   ;
|   return 0;
| }
configure:11348: gcc -c -g -O2  conftest.c >&5
conftest.c: In function 'main':
conftest.c:29:7: error: 'thisisanerror' undeclared (first use in this function)
       thisisanerror;
       ^~~~~~~~~~~~~
conftest.c:29:7: note: each undeclared identifier is reported only once for each function it appears in
configure:11348: $? = 1
configure: failed program was:
| /* confdefs.h */
| #define PACKAGE_NAME "dnsmeter"
| #define PACKAGE_TARNAME "dnsmeter"
| #define PACKAGE_VERSION "1.0.1"
| #define PACKAGE_STRING "dnsmeter 1.0.1"
| #define PACKAGE_BUGREPORT "admin@dns-oarc.net"
| #define PACKAGE_URL "https://github.com/DNS-OARC/dnsmeter/issues"
| #define PACKAGE "dnsmeter"
| #define VERSION "1.0.1"
| #define STDC_HEADERS 1
| #define HAVE_SYS_TYPES_H 1
| #define HAVE_SYS_STAT_H 1
| #define HAVE_STDLIB_H 1
| #define HAVE_STRING_H 1
| #define HAVE_MEMORY_H 1
| #define HAVE_STRINGS_H 1
| #define HAVE_INTTYPES_H 1
| #define HAVE_STDINT_H 1
| #define HAVE_UNISTD_H 1
| #define HAVE_DLFCN_H 1
| #define LT_OBJDIR ".libs/"
| /* end confdefs.h.  */
| 
| int
| main ()
| {
| 
| #if !(defined(__FUJITSU))
|       thisisanerror;
| #endif
| 
|   ;
|   return 0;
| }
configure:11348: gcc -c -g -O2  conftest.c >&5
conftest.c: In function 'main':
conftest.c:29:7: error: 'thisisanerror' undeclared (first use in this function)
       thisisanerror;
       ^~~~~~~~~~~~~
conftest.c:29:7: note: each undeclared identifier is reported only once for each function it appears in
configure:11348: $? = 1
configure: failed program was:
| /* confdefs.h */
| #define PACKAGE_NAME "dnsmeter"
| #define PACKAGE_TARNAME "dnsmeter"
| #define PACKAGE_VERSION "1.0.1"
| #define PACKAGE_STRING "dnsmeter 1.0.1"
| #define PACKAGE_BUGREPORT "admin@dns-oarc.net"
| #define PACKAGE_URL "https://github.com/DNS-OARC/dnsmeter/issues"
| #define PACKAGE "dnsmeter"
| #define VERSION "1.0.1"
| #define STDC_HEADERS 1
| #define HAVE_SYS_TYPES_H 1
| #define HAVE_SYS_STAT_H 1
| #define HAVE_STDLIB_H 1
| #define HAVE_STRING_H 1
| #define HAVE_MEMORY_H 1
| #define HAVE_STRINGS_H 1
| #define HAVE_INTTYPES_H 1
| #define HAVE_STDINT_H 1
| #define HAVE_UNISTD_H 1
| #define HAVE_DLFCN_H 1
| #define LT_OBJDIR ".libs/"
| /* end confdefs.h.  */
| 
| int
| main ()
| {
| 
| #if !(defined(SDCC) || defined(__SDCC))
|       thisisanerror;
| #endif
| 
|   ;
|   return 0;
| }
configure:11348: gcc -c -g -O2  conftest.c >&5
conftest.c: In function 'main':
conftest.c:29:7: error: 'thisisanerror' undeclared (first use in this function)
       thisisanerror;
       ^~~~~~~~~~~~~
conftest.c:29:7: note: each undeclared identifier is reported only once for each function it appears in
configure:11348: $? = 1
configure: failed program was:
| /* confdefs.h */
| #define PACKAGE_NAME "dnsmeter"
| #define PACKAGE_TARNAME "dnsmeter"
| #define PACKAGE_VERSION "1.0.1"
| #define PACKAGE_STRING "dnsmeter 1.0.1"
| #define PACKAGE_BUGREPORT "admin@dns-oarc.net"
| #define PACKAGE_URL "https://github.com/DNS-OARC/dnsmeter/issues"
| #define PACKAGE "dnsmeter"
| #define VERSION "1.0.1"
| #define STDC_HEADERS 1
| #define HAVE_SYS_TYPES_H 1
| #define HAVE_SYS_STAT_H 1
| #define HAVE_STDLIB_H 1
| #define HAVE_STRING_H 1
| #define HAVE_MEMORY_H 1
| #define HAVE_STRINGS_H 1
| #define HAVE_INTTYPES_H 1
| #define HAVE_STDINT_H 1
| #define HAVE_UNISTD_H 1
| #define HAVE_DLFCN_H 1
| #define LT_OBJDIR ".libs/"
| /* end confdefs.h.  */
| 
| int
| main ()
| {
| 
| #if !(defined(_SX))
|       thisisanerror;
| #endif
| 
|   ;
|   return 0;
| }
configure:11348: gcc -c -g -O2  conftest.c >&5
conftest.c: In function 'main':
conftest.c:29:7: error: 'thisisanerror' undeclared (first use in this function)
       thisisanerror;
       ^~~~~~~~~~~~~
conftest.c:29:7: note: each undeclared identifier is reported only once for each function it appears in
configure:11348: $? = 1
configure: failed program was:
| /* confdefs.h */
| #define PACKAGE_NAME "dnsmeter"
| #define PACKAGE_TARNAME "dnsmeter"
| #define PACKAGE_VERSION "1.0.1"
| #define PACKAGE_STRING "dnsmeter 1.0.1"
| #define PACKAGE_BUGREPORT "admin@dns-oarc.net"
| #define PACKAGE_URL "https://github.com/DNS-OARC/dnsmeter/issues"
| #define PACKAGE "dnsmeter"
| #define VERSION "1.0.1"
| #define STDC_HEADERS 1
| #define HAVE_SYS_TYPES_H 1
| #define HAVE_SYS_STAT_H 1
| #define HAVE_STDLIB_H 1
| #define HAVE_STRING_H 1
| #define HAVE_MEMORY_H 1
| #define HAVE_STRINGS_H 1
| #define HAVE_INTTYPES_H 1
| #define HAVE_STDINT_H 1
| #define HAVE_UNISTD_H 1
| #define HAVE_DLFCN_H 1
| #define LT_OBJDIR ".libs/"
| /* end confdefs.h.  */
| 
| int
| main ()
| {
| 
| #if !(defined(__PGI))
|       thisisanerror;
| #endif
| 
|   ;
|   return 0;
| }
configure:11348: gcc -c -g -O2  conftest.c >&5
configure:11348: $? = 0
configure:11357: result: gnu
configure:11703: checking whether gcc is Clang
configure:11728: result: no
configure:11851: checking whether pthreads work with -pthread
configure:11945: gcc -o conftest -g -O2 -pthread   conftest.c   >&5
configure:11945: $? = 0
configure:11954: result: yes
configure:11973: checking for joinable pthread attribute
configure:11991: gcc -o conftest -g -O2 -pthread   conftest.c   >&5
configure:11991: $? = 0
configure:11999: result: PTHREAD_CREATE_JOINABLE
configure:12013: checking whether more special flags are required for pthreads
configure:12026: result: no
configure:12034: checking for PTHREAD_PRIO_INHERIT
configure:12051: gcc -o conftest -g -O2 -pthread   conftest.c   >&5
configure:12051: $? = 0
configure:12060: result: yes
configure:12162: checking for pcap_open_live in -lpcap
configure:12187: gcc -o conftest -g -O2   conftest.c -lpcap   >&5
configure:12187: $? = 0
configure:12196: result: yes
configure:12209: checking for sqrt in -lm
configure:12234: gcc -o conftest -g -O2   conftest.c -lm  -lpcap  >&5
conftest.c:33:6: warning: conflicting types for built-in function 'sqrt' [-Wbuiltin-declaration-mismatch]
 char sqrt ();
      ^~~~
configure:12234: $? = 0
configure:12243: result: yes
configure:12254: checking for ns_initparse in -lbind
configure:12279: gcc -o conftest -g -O2   conftest.c -lbind  -lm -lpcap  >&5
/usr/bin/ld: cannot find -lbind
collect2: error: ld returned 1 exit status
configure:12279: $? = 1
configure: failed program was:
| /* confdefs.h */
| #define PACKAGE_NAME "dnsmeter"
| #define PACKAGE_TARNAME "dnsmeter"
| #define PACKAGE_VERSION "1.0.1"
| #define PACKAGE_STRING "dnsmeter 1.0.1"
| #define PACKAGE_BUGREPORT "admin@dns-oarc.net"
| #define PACKAGE_URL "https://github.com/DNS-OARC/dnsmeter/issues"
| #define PACKAGE "dnsmeter"
| #define VERSION "1.0.1"
| #define STDC_HEADERS 1
| #define HAVE_SYS_TYPES_H 1
| #define HAVE_SYS_STAT_H 1
| #define HAVE_STDLIB_H 1
| #define HAVE_STRING_H 1
| #define HAVE_MEMORY_H 1
| #define HAVE_STRINGS_H 1
| #define HAVE_INTTYPES_H 1
| #define HAVE_STDINT_H 1
| #define HAVE_UNISTD_H 1
| #define HAVE_DLFCN_H 1
| #define LT_OBJDIR ".libs/"
| #define HAVE_PTHREAD_PRIO_INHERIT 1
| #define HAVE_PTHREAD 1
| #define HAVE_LIBPCAP 1
| #define HAVE_LIBM 1
| /* end confdefs.h.  */
| 
| /* Override any GCC internal prototype to avoid an error.
|    Use char because int might match the return type of a GCC
|    builtin and then its argument prototype would still apply.  */
| #ifdef __cplusplus
| extern "C"
| #endif
| char ns_initparse ();
| int
| main ()
| {
| return ns_initparse ();
|   ;
|   return 0;
| }
configure:12288: result: no
configure:12298: checking for __ns_initparse in -lbind
configure:12323: gcc -o conftest -g -O2   conftest.c -lbind  -lm -lpcap  >&5
/usr/bin/ld: cannot find -lbind
collect2: error: ld returned 1 exit status
configure:12323: $? = 1
configure: failed program was:
| /* confdefs.h */
| #define PACKAGE_NAME "dnsmeter"
| #define PACKAGE_TARNAME "dnsmeter"
| #define PACKAGE_VERSION "1.0.1"
| #define PACKAGE_STRING "dnsmeter 1.0.1"
| #define PACKAGE_BUGREPORT "admin@dns-oarc.net"
| #define PACKAGE_URL "https://github.com/DNS-OARC/dnsmeter/issues"
| #define PACKAGE "dnsmeter"
| #define VERSION "1.0.1"
| #define STDC_HEADERS 1
| #define HAVE_SYS_TYPES_H 1
| #define HAVE_SYS_STAT_H 1
| #define HAVE_STDLIB_H 1
| #define HAVE_STRING_H 1
| #define HAVE_MEMORY_H 1
| #define HAVE_STRINGS_H 1
| #define HAVE_INTTYPES_H 1
| #define HAVE_STDINT_H 1
| #define HAVE_UNISTD_H 1
| #define HAVE_DLFCN_H 1
| #define LT_OBJDIR ".libs/"
| #define HAVE_PTHREAD_PRIO_INHERIT 1
| #define HAVE_PTHREAD 1
| #define HAVE_LIBPCAP 1
| #define HAVE_LIBM 1
| /* end confdefs.h.  */
| 
| /* Override any GCC internal prototype to avoid an error.
|    Use char because int might match the return type of a GCC
|    builtin and then its argument prototype would still apply.  */
| #ifdef __cplusplus
| extern "C"
| #endif
| char __ns_initparse ();
| int
| main ()
| {
| return __ns_initparse ();
|   ;
|   return 0;
| }
configure:12332: result: no
configure:12345: checking for res_mkquery in -lresolv
configure:12370: gcc -o conftest -g -O2   conftest.c -lresolv  -lm -lpcap  >&5
/usr/bin/ld: /tmp/ccZI6qRf.o: in function `main':
/data/github.yantarou/dnsmeter/conftest.c:38: undefined reference to `res_mkquery'
collect2: error: ld returned 1 exit status
configure:12370: $? = 1
configure: failed program was:
| /* confdefs.h */
| #define PACKAGE_NAME "dnsmeter"
| #define PACKAGE_TARNAME "dnsmeter"
| #define PACKAGE_VERSION "1.0.1"
| #define PACKAGE_STRING "dnsmeter 1.0.1"
| #define PACKAGE_BUGREPORT "admin@dns-oarc.net"
| #define PACKAGE_URL "https://github.com/DNS-OARC/dnsmeter/issues"
| #define PACKAGE "dnsmeter"
| #define VERSION "1.0.1"
| #define STDC_HEADERS 1
| #define HAVE_SYS_TYPES_H 1
| #define HAVE_SYS_STAT_H 1
| #define HAVE_STDLIB_H 1
| #define HAVE_STRING_H 1
| #define HAVE_MEMORY_H 1
| #define HAVE_STRINGS_H 1
| #define HAVE_INTTYPES_H 1
| #define HAVE_STDINT_H 1
| #define HAVE_UNISTD_H 1
| #define HAVE_DLFCN_H 1
| #define LT_OBJDIR ".libs/"
| #define HAVE_PTHREAD_PRIO_INHERIT 1
| #define HAVE_PTHREAD 1
| #define HAVE_LIBPCAP 1
| #define HAVE_LIBM 1
| /* end confdefs.h.  */
| 
| /* Override any GCC internal prototype to avoid an error.
|    Use char because int might match the return type of a GCC
|    builtin and then its argument prototype would still apply.  */
| #ifdef __cplusplus
| extern "C"
| #endif
| char res_mkquery ();
| int
| main ()
| {
| return res_mkquery ();
|   ;
|   return 0;
| }
configure:12379: result: no
configure:12390: checking for __res_mkquery in -lresolv
configure:12415: gcc -o conftest -g -O2   conftest.c -lresolv  -lm -lpcap  >&5
configure:12415: $? = 0
configure:12424: result: yes
configure:12486: checking for idna_to_ascii_4z in -lidn
configure:12511: gcc -o conftest -g -O2   conftest.c -lidn  -lresolv -lm -lpcap  >&5
/usr/bin/ld: cannot find -lidn
collect2: error: ld returned 1 exit status
configure:12511: $? = 1
configure: failed program was:
| /* confdefs.h */
| #define PACKAGE_NAME "dnsmeter"
| #define PACKAGE_TARNAME "dnsmeter"
| #define PACKAGE_VERSION "1.0.1"
| #define PACKAGE_STRING "dnsmeter 1.0.1"
| #define PACKAGE_BUGREPORT "admin@dns-oarc.net"
| #define PACKAGE_URL "https://github.com/DNS-OARC/dnsmeter/issues"
| #define PACKAGE "dnsmeter"
| #define VERSION "1.0.1"
| #define STDC_HEADERS 1
| #define HAVE_SYS_TYPES_H 1
| #define HAVE_SYS_STAT_H 1
| #define HAVE_STDLIB_H 1
| #define HAVE_STRING_H 1
| #define HAVE_MEMORY_H 1
| #define HAVE_STRINGS_H 1
| #define HAVE_INTTYPES_H 1
| #define HAVE_STDINT_H 1
| #define HAVE_UNISTD_H 1
| #define HAVE_DLFCN_H 1
| #define LT_OBJDIR ".libs/"
| #define HAVE_PTHREAD_PRIO_INHERIT 1
| #define HAVE_PTHREAD 1
| #define HAVE_LIBPCAP 1
| #define HAVE_LIBM 1
| #define HAVE_LIBRESOLV 1
| /* end confdefs.h.  */
| 
| /* Override any GCC internal prototype to avoid an error.
|    Use char because int might match the return type of a GCC
|    builtin and then its argument prototype would still apply.  */
| #ifdef __cplusplus
| extern "C"
| #endif
| char idna_to_ascii_4z ();
| int
| main ()
| {
| return idna_to_ascii_4z ();
|   ;
|   return 0;
| }
configure:12520: result: no
configure:12531: checking for idn2_to_ascii_4z in -lidn2
configure:12556: gcc -o conftest -g -O2   conftest.c -lidn2  -lresolv -lm -lpcap  >&5
/usr/bin/ld: cannot find -lidn2
collect2: error: ld returned 1 exit status
configure:12556: $? = 1
configure: failed program was:
| /* confdefs.h */
| #define PACKAGE_NAME "dnsmeter"
| #define PACKAGE_TARNAME "dnsmeter"
| #define PACKAGE_VERSION "1.0.1"
| #define PACKAGE_STRING "dnsmeter 1.0.1"
| #define PACKAGE_BUGREPORT "admin@dns-oarc.net"
| #define PACKAGE_URL "https://github.com/DNS-OARC/dnsmeter/issues"
| #define PACKAGE "dnsmeter"
| #define VERSION "1.0.1"
| #define STDC_HEADERS 1
| #define HAVE_SYS_TYPES_H 1
| #define HAVE_SYS_STAT_H 1
| #define HAVE_STDLIB_H 1
| #define HAVE_STRING_H 1
| #define HAVE_MEMORY_H 1
| #define HAVE_STRINGS_H 1
| #define HAVE_INTTYPES_H 1
| #define HAVE_STDINT_H 1
| #define HAVE_UNISTD_H 1
| #define HAVE_DLFCN_H 1
| #define LT_OBJDIR ".libs/"
| #define HAVE_PTHREAD_PRIO_INHERIT 1
| #define HAVE_PTHREAD 1
| #define HAVE_LIBPCAP 1
| #define HAVE_LIBM 1
| #define HAVE_LIBRESOLV 1
| /* end confdefs.h.  */
| 
| /* Override any GCC internal prototype to avoid an error.
|    Use char because int might match the return type of a GCC
|    builtin and then its argument prototype would still apply.  */
| #ifdef __cplusplus
| extern "C"
| #endif
| char idn2_to_ascii_4z ();
| int
| main ()
| {
| return idn2_to_ascii_4z ();
|   ;
|   return 0;
| }
configure:12565: result: no
configure:12576: checking for pcre_exec in -lpcre
configure:12601: gcc -o conftest -g -O2   conftest.c -lpcre  -lresolv -lm -lpcap  >&5
configure:12601: $? = 0
configure:12610: result: yes
configure:12777: checking that generated files are newer than configure
configure:12783: result: done
configure:12810: creating ./config.status

## ---------------------- ##
## Running config.status. ##
## ---------------------- ##

This file was extended by dnsmeter config.status 1.0.1, which was
generated by GNU Autoconf 2.69.  Invocation command line was

  CONFIG_FILES    = 
  CONFIG_HEADERS  = 
  CONFIG_LINKS    = 
  CONFIG_COMMANDS = 
  $ ./config.status 

on nuc

config.status:1155: creating Makefile
config.status:1155: creating src/Makefile
config.status:1155: creating src/config.h
config.status:1336: src/config.h is unchanged
config.status:1384: executing depfiles commands
config.status:1384: executing libtool commands

## ---------------- ##
## Cache variables. ##
## ---------------- ##

ac_cv_build=x86_64-pc-linux-gnu
ac_cv_c_compiler_gnu=yes
ac_cv_cxx_compiler_gnu=yes
ac_cv_env_CCC_set=
ac_cv_env_CCC_value=
ac_cv_env_CC_set=
ac_cv_env_CC_value=
ac_cv_env_CFLAGS_set=
ac_cv_env_CFLAGS_value=
ac_cv_env_CPPFLAGS_set=
ac_cv_env_CPPFLAGS_value=
ac_cv_env_CPP_set=
ac_cv_env_CPP_value=
ac_cv_env_CXXCPP_set=
ac_cv_env_CXXCPP_value=
ac_cv_env_CXXFLAGS_set=
ac_cv_env_CXXFLAGS_value=
ac_cv_env_CXX_set=
ac_cv_env_CXX_value=
ac_cv_env_LDFLAGS_set=
ac_cv_env_LDFLAGS_value=
ac_cv_env_LIBS_set=
ac_cv_env_LIBS_value=
ac_cv_env_LT_SYS_LIBRARY_PATH_set=
ac_cv_env_LT_SYS_LIBRARY_PATH_value=
ac_cv_env_build_alias_set=
ac_cv_env_build_alias_value=
ac_cv_env_host_alias_set=
ac_cv_env_host_alias_value=
ac_cv_env_target_alias_set=
ac_cv_env_target_alias_value=
ac_cv_header_dlfcn_h=yes
ac_cv_header_inttypes_h=yes
ac_cv_header_memory_h=yes
ac_cv_header_stdc=yes
ac_cv_header_stdint_h=yes
ac_cv_header_stdlib_h=yes
ac_cv_header_string_h=yes
ac_cv_header_strings_h=yes
ac_cv_header_sys_stat_h=yes
ac_cv_header_sys_types_h=yes
ac_cv_header_unistd_h=yes
ac_cv_host=x86_64-pc-linux-gnu
ac_cv_lib_bind___ns_initparse=no
ac_cv_lib_bind_ns_initparse=no
ac_cv_lib_idn2_idn2_to_ascii_4z=no
ac_cv_lib_idn_idna_to_ascii_4z=no
ac_cv_lib_m_sqrt=yes
ac_cv_lib_pcap_pcap_open_live=yes
ac_cv_lib_pcre_pcre_exec=yes
ac_cv_lib_resolv___res_mkquery=yes
ac_cv_lib_resolv_res_mkquery=no
ac_cv_objext=o
ac_cv_path_EGREP='/usr/bin/grep -E'
ac_cv_path_FGREP='/usr/bin/grep -F'
ac_cv_path_GREP=/usr/bin/grep
ac_cv_path_SED=/usr/bin/sed
ac_cv_path_install='/usr/bin/install -c'
ac_cv_path_lt_DD=/usr/bin/dd
ac_cv_path_mkdir=/usr/bin/mkdir
ac_cv_prog_AWK=gawk
ac_cv_prog_CPP='gcc -E'
ac_cv_prog_CXXCPP='g++ -E'
ac_cv_prog_ac_ct_AR=ar
ac_cv_prog_ac_ct_CC=gcc
ac_cv_prog_ac_ct_CXX=g++
ac_cv_prog_ac_ct_MANIFEST_TOOL=mt
ac_cv_prog_ac_ct_OBJDUMP=objdump
ac_cv_prog_ac_ct_RANLIB=ranlib
ac_cv_prog_ac_ct_STRIP=strip
ac_cv_prog_cc_c89=
ac_cv_prog_cc_g=yes
ac_cv_prog_cxx_g=yes
ac_cv_prog_make_make_set=yes
am_cv_CC_dependencies_compiler_type=gcc3
am_cv_CXX_dependencies_compiler_type=gcc3
am_cv_make_support_nested_variables=yes
am_cv_prog_cc_c_o=yes
ax_cv_PTHREAD_CLANG=no
ax_cv_PTHREAD_JOINABLE_ATTR=PTHREAD_CREATE_JOINABLE
ax_cv_PTHREAD_PRIO_INHERIT=yes
ax_cv_PTHREAD_SPECIAL_FLAGS=no
ax_cv_c_compiler_vendor=gnu
lt_cv_ar_at_file=@
lt_cv_archive_cmds_need_lc=no
lt_cv_deplibs_check_method=pass_all
lt_cv_file_magic_cmd='$MAGIC_CMD'
lt_cv_file_magic_test_file=
lt_cv_ld_reload_flag=-r
lt_cv_nm_interface='BSD nm'
lt_cv_objdir=.libs
lt_cv_path_LD=/usr/bin/ld
lt_cv_path_LDCXX='/usr/bin/ld -m elf_x86_64'
lt_cv_path_NM='/usr/bin/nm -B'
lt_cv_path_mainfest_tool=no
lt_cv_prog_compiler_c_o=yes
lt_cv_prog_compiler_c_o_CXX=yes
lt_cv_prog_compiler_pic='-fPIC -DPIC'
lt_cv_prog_compiler_pic_CXX='-fPIC -DPIC'
lt_cv_prog_compiler_pic_works=yes
lt_cv_prog_compiler_pic_works_CXX=yes
lt_cv_prog_compiler_rtti_exceptions=no
lt_cv_prog_compiler_static_works=yes
lt_cv_prog_compiler_static_works_CXX=yes
lt_cv_prog_gnu_ld=yes
lt_cv_prog_gnu_ldcxx=yes
lt_cv_sharedlib_from_linklib_cmd='printf %s\n'
lt_cv_shlibpath_overrides_runpath=yes
lt_cv_sys_global_symbol_pipe='sed -n -e '\''s/^.*[	 ]\([ABCDGIRSTW][ABCDGIRSTW]*\)[	 ][	 ]*\([_A-Za-z][_A-Za-z0-9]*\)$/\1 \2 \2/p'\'' | sed '\''/ __gnu_lto/d'\'''
lt_cv_sys_global_symbol_to_c_name_address='sed -n -e '\''s/^: \(.*\) .*$/  {"\1", (void *) 0},/p'\'' -e '\''s/^[ABCDGIRSTW][ABCDGIRSTW]* .* \(.*\)$/  {"\1", (void *) \&\1},/p'\'''
lt_cv_sys_global_symbol_to_c_name_address_lib_prefix='sed -n -e '\''s/^: \(.*\) .*$/  {"\1", (void *) 0},/p'\'' -e '\''s/^[ABCDGIRSTW][ABCDGIRSTW]* .* \(lib.*\)$/  {"\1", (void *) \&\1},/p'\'' -e '\''s/^[ABCDGIRSTW][ABCDGIRSTW]* .* \(.*\)$/  {"lib\1", (void *) \&\1},/p'\'''
lt_cv_sys_global_symbol_to_cdecl='sed -n -e '\''s/^T .* \(.*\)$/extern int \1();/p'\'' -e '\''s/^[ABCDGIRSTW][ABCDGIRSTW]* .* \(.*\)$/extern char \1;/p'\'''
lt_cv_sys_global_symbol_to_import=
lt_cv_sys_max_cmd_len=1572864
lt_cv_to_host_file_cmd=func_convert_file_noop
lt_cv_to_tool_file_cmd=func_convert_file_noop
lt_cv_truncate_bin='/usr/bin/dd bs=4096 count=1'

## ----------------- ##
## Output variables. ##
## ----------------- ##

ACLOCAL='${SHELL} /data/github.yantarou/dnsmeter/missing aclocal-1.15'
AMDEPBACKSLASH='\'
AMDEP_FALSE='#'
AMDEP_TRUE=''
AMTAR='$${TAR-tar}'
AM_BACKSLASH='\'
AM_DEFAULT_V='$(AM_DEFAULT_VERBOSITY)'
AM_DEFAULT_VERBOSITY='1'
AM_V='$(V)'
AR='ar'
AUTOCONF='${SHELL} /data/github.yantarou/dnsmeter/missing autoconf'
AUTOHEADER='${SHELL} /data/github.yantarou/dnsmeter/missing autoheader'
AUTOMAKE='${SHELL} /data/github.yantarou/dnsmeter/missing automake-1.15'
AWK='gawk'
CC='gcc'
CCDEPMODE='depmode=gcc3'
CFLAGS='-g -O2'
CPP='gcc -E'
CPPFLAGS=''
CXX='g++'
CXXCPP='g++ -E'
CXXDEPMODE='depmode=gcc3'
CXXFLAGS='-g -O2'
CYGPATH_W='echo'
DEFS='-DHAVE_CONFIG_H'
DEPDIR='.deps'
DLLTOOL='false'
DSYMUTIL=''
DUMPBIN=''
ECHO_C=''
ECHO_N='-n'
ECHO_T=''
EGREP='/usr/bin/grep -E'
EXEEXT=''
FGREP='/usr/bin/grep -F'
GREP='/usr/bin/grep'
INSTALL_DATA='${INSTALL} -m 644'
INSTALL_PROGRAM='${INSTALL}'
INSTALL_SCRIPT='${INSTALL}'
INSTALL_STRIP_PROGRAM='$(install_sh) -c -s'
LD='/usr/bin/ld -m elf_x86_64'
LDFLAGS=''
LIBOBJS=''
LIBS='-lpcre -lresolv -lm -lpcap '
LIBTOOL='$(SHELL) $(top_builddir)/libtool'
LIPO=''
LN_S='ln -s'
LTLIBOBJS=''
LT_SYS_LIBRARY_PATH=''
MAKEINFO='${SHELL} /data/github.yantarou/dnsmeter/missing makeinfo'
MANIFEST_TOOL=':'
MKDIR_P='/usr/bin/mkdir -p'
NM='/usr/bin/nm -B'
NMEDIT=''
OBJDUMP='objdump'
OBJEXT='o'
OTOOL64=''
OTOOL=''
PACKAGE='dnsmeter'
PACKAGE_BUGREPORT='admin@dns-oarc.net'
PACKAGE_NAME='dnsmeter'
PACKAGE_STRING='dnsmeter 1.0.1'
PACKAGE_TARNAME='dnsmeter'
PACKAGE_URL='https://github.com/DNS-OARC/dnsmeter/issues'
PACKAGE_VERSION='1.0.1'
PATH_SEPARATOR=':'
PTHREAD_CC='gcc'
PTHREAD_CFLAGS='-pthread'
PTHREAD_LIBS=''
RANLIB='ranlib'
SED='/usr/bin/sed'
SET_MAKE=''
SHELL='/bin/bash'
STRIP='strip'
VERSION='1.0.1'
ac_ct_AR='ar'
ac_ct_CC='gcc'
ac_ct_CXX='g++'
ac_ct_DUMPBIN=''
am__EXEEXT_FALSE=''
am__EXEEXT_TRUE='#'
am__fastdepCC_FALSE='#'
am__fastdepCC_TRUE=''
am__fastdepCXX_FALSE='#'
am__fastdepCXX_TRUE=''
am__include='include'
am__isrc=''
am__leading_dot='.'
am__nodep='_no'
am__quote=''
am__tar='$${TAR-tar} chof - "$$tardir"'
am__untar='$${TAR-tar} xf -'
ax_pthread_config=''
bindir='${exec_prefix}/bin'
build='x86_64-pc-linux-gnu'
build_alias=''
build_cpu='x86_64'
build_os='linux-gnu'
build_vendor='pc'
datadir='${datarootdir}'
datarootdir='${prefix}/share'
docdir='${datarootdir}/doc/${PACKAGE_TARNAME}'
dvidir='${docdir}'
exec_prefix='${prefix}'
host='x86_64-pc-linux-gnu'
host_alias=''
host_cpu='x86_64'
host_os='linux-gnu'
host_vendor='pc'
htmldir='${docdir}'
includedir='${prefix}/include'
infodir='${datarootdir}/info'
install_sh='${SHELL} /data/github.yantarou/dnsmeter/install-sh'
libdir='${exec_prefix}/lib'
libexecdir='${exec_prefix}/libexec'
localedir='${datarootdir}/locale'
localstatedir='${prefix}/var'
mandir='${datarootdir}/man'
mkdir_p='$(MKDIR_P)'
oldincludedir='/usr/include'
pdfdir='${docdir}'
prefix='/usr/local'
program_transform_name='s,x,x,'
psdir='${docdir}'
runstatedir='${localstatedir}/run'
sbindir='${exec_prefix}/sbin'
sharedstatedir='${prefix}/com'
sysconfdir='${prefix}/etc'
target_alias=''

## ----------- ##
## confdefs.h. ##
## ----------- ##

/* confdefs.h */
#define PACKAGE_NAME "dnsmeter"
#define PACKAGE_TARNAME "dnsmeter"
#define PACKAGE_VERSION "1.0.1"
#define PACKAGE_STRING "dnsmeter 1.0.1"
#define PACKAGE_BUGREPORT "admin@dns-oarc.net"
#define PACKAGE_URL "https://github.com/DNS-OARC/dnsmeter/issues"
#define PACKAGE "dnsmeter"
#define VERSION "1.0.1"
#define STDC_HEADERS 1
#define HAVE_SYS_TYPES_H 1
#define HAVE_SYS_STAT_H 1
#define HAVE_STDLIB_H 1
#define HAVE_STRING_H 1
#define HAVE_MEMORY_H 1
#define HAVE_STRINGS_H 1
#define HAVE_INTTYPES_H 1
#define HAVE_STDINT_H 1
#define HAVE_UNISTD_H 1
#define HAVE_DLFCN_H 1
#define LT_OBJDIR ".libs/"
#define HAVE_PTHREAD_PRIO_INHERIT 1
#define HAVE_PTHREAD 1
#define HAVE_LIBPCAP 1
#define HAVE_LIBM 1
#define HAVE_LIBRESOLV 1
#define HAVE_LIBPCRE 1

configure: exit 0
